**********START LOG SESSION: 14-03-2018 11:07:39

14-03-2018 11:07:39
INFO: Identifying targets ...

**********END LOG SESSION**********

14-03-2018 11:07:42
INFO: Adding scan target DateTimeSample.exe

14-03-2018 11:07:42
INFO: Preparing for static analysis ...

14-03-2018 11:07:42
INFO: Processing target (1 of 1)

14-03-2018 11:07:43
INFO: Performing Framework Analysis for setting 'frameworksCLI'...

14-03-2018 11:07:56
INFO: Completed Framework Analysis

14-03-2018 11:07:56
INFO: Processing file DateTimeSample.exe (1 of 1)

14-03-2018 11:08:06
INFO: Writing the internal artifact...

14-03-2018 11:08:09
INFO: Completed writing the internal artifact

14-03-2018 11:08:14
INFO: Successfully generated C:\Users\parimal.s\Downloads\Official Visual Studio 2008 VB.NET Samples\DateTime and TimeSpan Sample\VB\.scans\DateTimeSample_18-03-14_11-07-31\DateTimeSample.irx

**********END LOG SESSION**********
